0 info it worked if it ends with ok
1 verbose cli [ '/usr/bin/nodejs',
1 verbose cli   '/usr/bin/npm',
1 verbose cli   'install',
1 verbose cli   '--save',
1 verbose cli   '@google-cloud/debug-agent' ]
2 info using npm@3.10.10
3 info using node@v6.11.1
4 silly loadCurrentTree Starting
5 silly install loadCurrentTree
6 silly install readLocalPackageData
7 silly fetchPackageMetaData @google-cloud/debug-agent
8 silly fetchNamedPackageData @google-cloud/debug-agent
9 silly mapToRegistry name @google-cloud/debug-agent
10 silly mapToRegistry scope (from package name) @google-cloud
11 verbose mapToRegistry no registry URL found in name for scope @google-cloud
12 silly mapToRegistry using default registry
13 silly mapToRegistry registry https://registry.npmjs.org/
14 silly mapToRegistry data Result {
14 silly mapToRegistry   raw: '@google-cloud/debug-agent',
14 silly mapToRegistry   scope: '@google-cloud',
14 silly mapToRegistry   escapedName: '@google-cloud%2fdebug-agent',
14 silly mapToRegistry   name: '@google-cloud/debug-agent',
14 silly mapToRegistry   rawSpec: '',
14 silly mapToRegistry   spec: 'latest',
14 silly mapToRegistry   type: 'tag' }
15 silly mapToRegistry uri https://registry.npmjs.org/@google-cloud%2fdebug-agent
16 verbose request uri https://registry.npmjs.org/@google-cloud%2fdebug-agent
17 verbose request no auth needed
18 info attempt registry request try #1 at 4:37:08 PM
19 verbose request id 0af90e3eeb89e963
20 http request GET https://registry.npmjs.org/@google-cloud%2fdebug-agent
21 http 200 https://registry.npmjs.org/@google-cloud%2fdebug-agent
22 verbose headers { 'content-type': 'application/json',
22 verbose headers   server: 'nginx/1.10.1',
22 verbose headers   'last-modified': 'Mon, 10 Jul 2017 21:45:40 GMT',
22 verbose headers   etag: 'W/"5963f584-8e44"',
22 verbose headers   'content-encoding': 'gzip',
22 verbose headers   'cache-control': 'max-age=0',
22 verbose headers   'transfer-encoding': 'chunked',
22 verbose headers   'accept-ranges': 'bytes',
22 verbose headers   date: 'Sun, 16 Jul 2017 23:37:08 GMT',
22 verbose headers   via: '1.1 varnish',
22 verbose headers   age: '0',
22 verbose headers   connection: 'keep-alive',
22 verbose headers   'x-served-by': 'cache-jfk8149-JFK',
22 verbose headers   'x-cache': 'MISS',
22 verbose headers   'x-cache-hits': '0',
22 verbose headers   'x-timer': 'S1500248229.555194,VS0,VE356',
22 verbose headers   vary: 'Accept-Encoding' }
23 silly get cb [ 200,
23 silly get   { 'content-type': 'application/json',
23 silly get     server: 'nginx/1.10.1',
23 silly get     'last-modified': 'Mon, 10 Jul 2017 21:45:40 GMT',
23 silly get     etag: 'W/"5963f584-8e44"',
23 silly get     'content-encoding': 'gzip',
23 silly get     'cache-control': 'max-age=0',
23 silly get     'transfer-encoding': 'chunked',
23 silly get     'accept-ranges': 'bytes',
23 silly get     date: 'Sun, 16 Jul 2017 23:37:08 GMT',
23 silly get     via: '1.1 varnish',
23 silly get     age: '0',
23 silly get     connection: 'keep-alive',
23 silly get     'x-served-by': 'cache-jfk8149-JFK',
23 silly get     'x-cache': 'MISS',
23 silly get     'x-cache-hits': '0',
23 silly get     'x-timer': 'S1500248229.555194,VS0,VE356',
23 silly get     vary: 'Accept-Encoding' } ]
24 verbose get saving @google-cloud/debug-agent to /home/ryan/.npm/registry.npmjs.org/_40google-cloud_252fdebug-agent/.cache.json
25 verbose correctMkdir /home/ryan/.npm correctMkdir not in flight; initializing
26 silly install normalizeTree
27 silly loadCurrentTree Finishing
28 silly loadIdealTree Starting
29 silly install loadIdealTree
30 silly cloneCurrentTree Starting
31 silly install cloneCurrentTreeToIdealTree
32 silly cloneCurrentTree Finishing
33 silly loadShrinkwrap Starting
34 silly install loadShrinkwrap
35 silly loadShrinkwrap Finishing
36 silly loadAllDepsIntoIdealTree Starting
37 silly install loadAllDepsIntoIdealTree
38 silly resolveWithNewModule @google-cloud/debug-agent@2.1.2 checking installable status
39 silly cache add args [ '@google-cloud/debug-agent', null ]
40 verbose cache add spec @google-cloud/debug-agent
41 silly cache add parsed spec Result {
41 silly cache add   raw: '@google-cloud/debug-agent',
41 silly cache add   scope: '@google-cloud',
41 silly cache add   escapedName: '@google-cloud%2fdebug-agent',
41 silly cache add   name: '@google-cloud/debug-agent',
41 silly cache add   rawSpec: '',
41 silly cache add   spec: 'latest',
41 silly cache add   type: 'tag' }
42 silly addNamed @google-cloud/debug-agent@latest
43 verbose addNamed "latest" is being treated as a dist-tag for @google-cloud/debug-agent
44 info addNameTag [ '@google-cloud/debug-agent', 'latest' ]
45 silly mapToRegistry name @google-cloud/debug-agent
46 silly mapToRegistry scope (from package name) @google-cloud
47 verbose mapToRegistry no registry URL found in name for scope @google-cloud
48 silly mapToRegistry using default registry
49 silly mapToRegistry registry https://registry.npmjs.org/
50 silly mapToRegistry data Result {
50 silly mapToRegistry   raw: '@google-cloud/debug-agent',
50 silly mapToRegistry   scope: '@google-cloud',
50 silly mapToRegistry   escapedName: '@google-cloud%2fdebug-agent',
50 silly mapToRegistry   name: '@google-cloud/debug-agent',
50 silly mapToRegistry   rawSpec: '',
50 silly mapToRegistry   spec: 'latest',
50 silly mapToRegistry   type: 'tag' }
51 silly mapToRegistry uri https://registry.npmjs.org/@google-cloud%2fdebug-agent
52 verbose addNameTag registry:https://registry.npmjs.org/@google-cloud%2fdebug-agent not in flight; fetching
53 verbose get https://registry.npmjs.org/@google-cloud%2fdebug-agent not expired, no request
54 silly addNameTag next cb for @google-cloud/debug-agent with tag latest
55 silly addNamed @google-cloud/debug-agent@2.1.2
56 verbose addNamed "2.1.2" is a plain semver version for @google-cloud/debug-agent
57 silly mapToRegistry name @google-cloud/debug-agent
58 silly mapToRegistry scope (from package name) @google-cloud
59 verbose mapToRegistry no registry URL found in name for scope @google-cloud
60 silly mapToRegistry using default registry
61 silly mapToRegistry registry https://registry.npmjs.org/
62 silly mapToRegistry data Result {
62 silly mapToRegistry   raw: '@google-cloud/debug-agent',
62 silly mapToRegistry   scope: '@google-cloud',
62 silly mapToRegistry   escapedName: '@google-cloud%2fdebug-agent',
62 silly mapToRegistry   name: '@google-cloud/debug-agent',
62 silly mapToRegistry   rawSpec: '',
62 silly mapToRegistry   spec: 'latest',
62 silly mapToRegistry   type: 'tag' }
63 silly mapToRegistry uri https://registry.npmjs.org/@google-cloud%2fdebug-agent
64 verbose addRemoteTarball https://registry.npmjs.org/@google-cloud/debug-agent/-/debug-agent-2.1.2.tgz not in flight; adding
65 verbose addRemoteTarball [ 'https://registry.npmjs.org/@google-cloud/debug-agent/-/debug-agent-2.1.2.tgz',
65 verbose addRemoteTarball   '558e54f23de084323b9bc7059e2d7ae1df627ba4' ]
66 info retry fetch attempt 1 at 4:37:09 PM
67 info attempt registry request try #1 at 4:37:09 PM
68 http fetch GET https://registry.npmjs.org/@google-cloud/debug-agent/-/debug-agent-2.1.2.tgz
69 http fetch 200 https://registry.npmjs.org/@google-cloud/debug-agent/-/debug-agent-2.1.2.tgz
70 silly fetchAndShaCheck shasum 558e54f23de084323b9bc7059e2d7ae1df627ba4
71 verbose addTmpTarball /tmp/npm-10690-09705ad6/registry.npmjs.org/_40google-cloud/debug-agent/-/debug-agent-2.1.2.tgz not in flight; adding
72 verbose addTmpTarball already have metadata; skipping unpack for @google-cloud/debug-agent@2.1.2
73 verbose correctMkdir /home/ryan/.npm correctMkdir not in flight; initializing
74 silly rollbackFailedOptional Starting
75 silly rollbackFailedOptional Finishing
76 silly runTopLevelLifecycles Finishing
77 silly install printInstalled
78 verbose stack Error: EACCES: permission denied, mkdir '/home/ryan/.npm/@google-cloud/debug-agent'
78 verbose stack     at Error (native)
79 verbose cwd /home/ryan/Desktop/Ziggurat/Ziggurat-Internship
80 error Linux 4.4.0-83-generic-tuxonice
81 error argv "/usr/bin/nodejs" "/usr/bin/npm" "install" "--save" "@google-cloud/debug-agent"
82 error node v6.11.1
83 error npm  v3.10.10
84 error path /home/ryan/.npm/@google-cloud/debug-agent
85 error code EACCES
86 error errno -13
87 error syscall mkdir
88 error Error: EACCES: permission denied, mkdir '/home/ryan/.npm/@google-cloud/debug-agent'
88 error     at Error (native)
88 error  { Error: EACCES: permission denied, mkdir '/home/ryan/.npm/@google-cloud/debug-agent'
88 error     at Error (native)
88 error   errno: -13,
88 error   code: 'EACCES',
88 error   syscall: 'mkdir',
88 error   path: '/home/ryan/.npm/@google-cloud/debug-agent',
88 error   parent: 'Ziggurat-Internship' }
89 error Please try running this command again as root/Administrator.
90 verbose exit [ -13, true ]
